0 info it worked if it ends with ok
1 verbose cli [ '/usr/local/bin/node',
1 verbose cli   '/usr/local/bin/npm',
1 verbose cli   'install',
1 verbose cli   '-g',
1 verbose cli   'babel' ]
2 info using npm@2.15.0
3 info using node@v4.4.2
4 verbose install initial load of /usr/local/lib/package.json
5 verbose readDependencies loading dependencies from /usr/local/lib/package.json
6 silly cache add args [ 'babel', null ]
7 verbose cache add spec babel
8 silly cache add parsed spec Result {
8 silly cache add   raw: 'babel',
8 silly cache add   scope: null,
8 silly cache add   name: 'babel',
8 silly cache add   rawSpec: '',
8 silly cache add   spec: 'latest',
8 silly cache add   type: 'tag' }
9 silly addNamed babel@latest
10 verbose addNamed "latest" is being treated as a dist-tag for babel
11 info addNameTag [ 'babel', 'latest' ]
12 silly mapToRegistry name babel
13 silly mapToRegistry using default registry
14 silly mapToRegistry registry https://registry.npmjs.org/
15 silly mapToRegistry data Result {
15 silly mapToRegistry   raw: 'babel',
15 silly mapToRegistry   scope: null,
15 silly mapToRegistry   name: 'babel',
15 silly mapToRegistry   rawSpec: '',
15 silly mapToRegistry   spec: 'latest',
15 silly mapToRegistry   type: 'tag' }
16 silly mapToRegistry uri https://registry.npmjs.org/babel
17 verbose addNameTag registry:https://registry.npmjs.org/babel not in flight; fetching
18 verbose request uri https://registry.npmjs.org/babel
19 verbose request no auth needed
20 info attempt registry request try #1 at 18:26:46
21 verbose request id 62c05f0b2a36c581
22 verbose etag "1GB6BGFA77JWLP8RD41AFL7U6"
23 http request GET https://registry.npmjs.org/babel
24 http 304 https://registry.npmjs.org/babel
25 verbose headers { date: 'Sat, 09 Apr 2016 10:26:47 GMT',
25 verbose headers   via: '1.1 varnish',
25 verbose headers   'cache-control': 'max-age=300',
25 verbose headers   etag: '"1GB6BGFA77JWLP8RD41AFL7U6"',
25 verbose headers   age: '51',
25 verbose headers   connection: 'keep-alive',
25 verbose headers   'x-served-by': 'cache-nrt6134-NRT',
25 verbose headers   'x-cache': 'HIT',
25 verbose headers   'x-cache-hits': '1',
25 verbose headers   'x-timer': 'S1460197607.285923,VS0,VE0',
25 verbose headers   vary: 'Accept-Encoding' }
26 silly get cb [ 304,
26 silly get   { date: 'Sat, 09 Apr 2016 10:26:47 GMT',
26 silly get     via: '1.1 varnish',
26 silly get     'cache-control': 'max-age=300',
26 silly get     etag: '"1GB6BGFA77JWLP8RD41AFL7U6"',
26 silly get     age: '51',
26 silly get     connection: 'keep-alive',
26 silly get     'x-served-by': 'cache-nrt6134-NRT',
26 silly get     'x-cache': 'HIT',
26 silly get     'x-cache-hits': '1',
26 silly get     'x-timer': 'S1460197607.285923,VS0,VE0',
26 silly get     vary: 'Accept-Encoding' } ]
27 verbose etag https://registry.npmjs.org/babel from cache
28 verbose get saving babel to /Users/apple/.npm/registry.npmjs.org/babel/.cache.json
29 verbose correctMkdir /Users/apple/.npm correctMkdir not in flight; initializing
30 silly addNameTag next cb for babel with tag latest
31 silly addNamed babel@6.5.2
32 verbose addNamed "6.5.2" is a plain semver version for babel
33 silly cache afterAdd babel@6.5.2
34 verbose afterAdd /Users/apple/.npm/babel/6.5.2/package/package.json not in flight; writing
35 verbose correctMkdir /Users/apple/.npm correctMkdir not in flight; initializing
36 verbose afterAdd /Users/apple/.npm/babel/6.5.2/package/package.json written
37 silly install resolved [ { name: 'babel',
37 silly install resolved     version: '6.5.2',
37 silly install resolved     description: 'Turn ES6 code into readable vanilla ES5 with source maps',
37 silly install resolved     author: { name: 'Sebastian McKenzie', email: 'sebmck@gmail.com' },
37 silly install resolved     homepage: 'https://babeljs.io/',
37 silly install resolved     license: 'MIT',
37 silly install resolved     repository:
37 silly install resolved      { type: 'git',
37 silly install resolved        url: 'https://github.com/babel/babel/tree/master/packages/babel' },
37 silly install resolved     bin:
37 silly install resolved      { babel: './cli.js',
37 silly install resolved        'babel-node': './cli.js',
37 silly install resolved        'babel-external-helpers': './cli.js' },
37 silly install resolved     _id: 'babel@6.5.2',
37 silly install resolved     scripts: {},
37 silly install resolved     _shasum: '59140607438270920047ff56f02b2d8630c2d129',
37 silly install resolved     _from: 'babel@latest',
37 silly install resolved     _npmVersion: '3.6.0',
37 silly install resolved     _nodeVersion: '5.1.0',
37 silly install resolved     _npmUser: { name: 'hzoo', email: 'hi@henryzoo.com' },
37 silly install resolved     dist:
37 silly install resolved      { shasum: '59140607438270920047ff56f02b2d8630c2d129',
37 silly install resolved        tarball: 'https://registry.npmjs.org/babel/-/babel-6.5.2.tgz' },
37 silly install resolved     maintainers: [ [Object], [Object], [Object], [Object], [Object], [Object] ],
37 silly install resolved     _npmOperationalInternal:
37 silly install resolved      { host: 'packages-5-east.internal.npmjs.com',
37 silly install resolved        tmp: 'tmp/babel-6.5.2.tgz_1455294601370_0.7809299291111529' },
37 silly install resolved     directories: {},
37 silly install resolved     _resolved: 'https://registry.npmjs.org/babel/-/babel-6.5.2.tgz',
37 silly install resolved     readme: 'ERROR: No README data found!' } ]
38 info install babel@6.5.2 into /usr/local/lib
39 info installOne babel@6.5.2
40 verbose installOne of babel to /usr/local/lib not in flight; installing
41 verbose correctMkdir /Users/apple/.npm/_locks correctMkdir not in flight; initializing
42 verbose lock using /Users/apple/.npm/_locks/babel-5417f13f3f034c23.lock for /usr/local/lib/node_modules/babel
43 silly install write writing babel 6.5.2 to /usr/local/lib/node_modules/babel
44 verbose unbuild lib/node_modules/babel
45 silly gentlyRm /usr/local/lib/node_modules/babel is being purged from base /usr/local
46 verbose gentlyRm don't care about contents; nuking /usr/local/lib/node_modules/babel
47 verbose tar unpack /Users/apple/.npm/babel/6.5.2/package.tgz
48 verbose tar unpacking to /usr/local/lib/node_modules/babel
49 silly gentlyRm /usr/local/lib/node_modules/babel is being purged
50 verbose gentlyRm don't care about contents; nuking /usr/local/lib/node_modules/babel
51 silly gunzTarPerm modes [ '755', '644' ]
52 error tar.unpack untar error /Users/apple/.npm/babel/6.5.2/package.tgz
53 verbose unlock done using /Users/apple/.npm/_locks/babel-5417f13f3f034c23.lock for /usr/local/lib/node_modules/babel
54 verbose fstream_path /usr/local/lib/node_modules/babel
55 verbose fstream_type Directory
56 verbose fstream_class DirWriter
57 verbose stack Error: EACCES: permission denied, mkdir '/usr/local/lib/node_modules/babel'
57 verbose stack     at Error (native)
58 verbose fstream_stack /usr/local/lib/node_modules/npm/node_modules/fstream/lib/dir-writer.js:35:25
58 verbose fstream_stack /usr/local/lib/node_modules/npm/node_modules/mkdirp/index.js:47:53
58 verbose fstream_stack FSReqWrap.oncomplete (fs.js:82:15)
59 verbose cwd /Users/apple/Documents/study/day01
60 error Darwin 14.5.0
61 error argv "/usr/local/bin/node" "/usr/local/bin/npm" "install" "-g" "babel"
62 error node v4.4.2
63 error npm  v2.15.0
64 error path /usr/local/lib/node_modules/babel
65 error code EACCES
66 error errno -13
67 error syscall mkdir
68 error Error: EACCES: permission denied, mkdir '/usr/local/lib/node_modules/babel'
68 error     at Error (native)
68 error  { [Error: EACCES: permission denied, mkdir '/usr/local/lib/node_modules/babel']
68 error   errno: -13,
68 error   code: 'EACCES',
68 error   syscall: 'mkdir',
68 error   path: '/usr/local/lib/node_modules/babel',
68 error   fstream_type: 'Directory',
68 error   fstream_path: '/usr/local/lib/node_modules/babel',
68 error   fstream_class: 'DirWriter',
68 error   fstream_stack:
68 error    [ '/usr/local/lib/node_modules/npm/node_modules/fstream/lib/dir-writer.js:35:25',
68 error      '/usr/local/lib/node_modules/npm/node_modules/mkdirp/index.js:47:53',
68 error      'FSReqWrap.oncomplete (fs.js:82:15)' ] }
69 error Please try running this command again as root/Administrator.
70 verbose exit [ -13, true ]
71 verbose unbuild lib/node_modules/babel
72 silly gentlyRm /usr/local/lib/node_modules/babel is being purged from base /usr/local
73 verbose gentlyRm don't care about contents; nuking /usr/local/lib/node_modules/babel
